2024-04-15 17:00:15,621 - __main__ - INFO - Starting experiment
2024-04-15 17:00:15,640 - __main__ - INFO - {'dataloader': {'batch_size': 128,
                'dataset': 'cifar100',
                'num_workers': 1,
                'shuffle': True,
                'transform': True,
                'transforms': {'Normalize': {'inplace': True,
                                             'mean': [0.4914, 0.4822, 0.4465],
                                             'std': [0.2023, 0.1994, 0.201]},
                               'Resize': {'antialias': True, 'size': 32},
                               'ToPILImage': None,
                               'ToTensor': None,
                               'augmentations': {'transforms': [{'padding': 4,
                                                                 'padding_mode': 'reflect',
                                                                 'size': 32,
                                                                 'type': 'RandomCrop'},
                                                                {'p': 0.5,
                                                                 'type': 'RandomHorizontalFlip'}]}}},
 'epochs': 100,
 'log': {'experiment_description': 'dummy_description',
         'experiment_name': 'dummy_experiment',
         'wandb_project_name': 'dummy_project'},
 'metrics': ['MOEConfusionMatrix',
             'ConfusionMatrix',
             'Accuracy',
             'F1',
             'Precision',
             'Recall',
             'ConfusionMatrix',
             'pvalue',
             'ExpertEntropy',
             'SuperClassEntropy'],
 'model': {'loss': {'MixtureOfExpertLoss': {'losses': [{'CrossEntropyLoss': {'name': 'CrossEntropyLoss',
                                                                             'params': {'ignore_index': -100,
                                                                                        'label_smoothing': 0.0,
                                                                                        'reduce': None,
                                                                                        'reduction': 'mean',
                                                                                        'size_average': None,
                                                                                        'weight': None}}}],
                                            'name': 'LossCombination',
                                            'operator': '+',
                                            'weights': [1.0, 0.01]}},
           'lr': 0.001,
           'model': {'alternate': 2,
                     'expert': {'load_model': False,
                                'load_path': 'saved_models/experts/resnet_18.pt',
                                'model_params': {'dtype': 'torch.float32',
                                                 'init': 'xavier_uniform',
                                                 'input_size': 'None',
                                                 'output_size': 5},
                                'optimizer_params': {'alpha': 0.99,
                                                     'betas': [0.9, 0.999],
                                                     'eps': '1e-06',
                                                     'lr': 0.001,
                                                     'lr_decay': 0.0,
                                                     'momentum': 0.9,
                                                     'type': 'adam',
                                                     'weight_decay': '1e-5'},
                                'save_dir': 'saved_models/experts',
                                'save_model': True,
                                'save_name': 'resnet_18',
                                'save_period': 10,
                                'type': 'resnet18'},
                     'input_shape_router': 100,
                     'k': 1,
                     'num_experts': 20,
                     'router': [{'epochs': [0, 100],
                                 'model_config': {'backbone': {'load_model': False,
                                                               'load_path': 'saved_models/experts/resnet_18.pt',
                                                               'model_params': {'dtype': 'torch.float32',
                                                                                'init': 'xavier_uniform',
                                                                                'input_size': 'None',
                                                                                'output_size': 5},
                                                               'optimizer_params': {'alpha': 0.99,
                                                                                    'betas': [0.9,
                                                                                              0.999],
                                                                                    'eps': '1e-06',
                                                                                    'lr': 0.001,
                                                                                    'lr_decay': 0.0,
                                                                                    'momentum': 0.9,
                                                                                    'type': 'adam',
                                                                                    'weight_decay': '1e-5'},
                                                               'save_dir': 'saved_models/experts',
                                                               'save_model': True,
                                                               'save_name': 'resnet_18',
                                                               'save_period': 10,
                                                               'type': 'resnet18'},
                                                  'backbone_output_shape': 128,
                                                  'batch_size': 512,
                                                  'buffer_capacity': 10000,
                                                  'epsilon': 0.0,
                                                  'epsilon_decay': 0.99,
                                                  'epsilon_min': 0.0,
                                                  'gamma': 0.99,
                                                  'hidden_dim': 128,
                                                  'load_model': False,
                                                  'load_path': 'saved_models/routers/mlp.pt',
                                                  'lr': 0.001,
                                                  'model': 'DQN',
                                                  'num_of_episodes': 500,
                                                  'reward_function': 'NoaReward',
                                                  'save_dir': 'saved_models/routers',
                                                  'save_model': True,
                                                  'save_name': 'mlp',
                                                  'save_period': 10,
                                                  'type': 'RL'},
                                 'supervised': False,
                                 'type': 'rl'}],
                     'type': 'rl_moe'},
           'optimizer': 'Adam'},
 'seed': 0}
